Log file open, 05/02/20 12:38:14
LogWindows: Failed to load 'aqProf.dll' (GetLastError=126)
LogWindows: File 'aqProf.dll' does not exist
LogWindows: Failed to load 'VtuneApi.dll' (GetLastError=126)
LogWindows: File 'VtuneApi.dll' does not exist
LogWindows: Failed to load 'VtuneApi32e.dll' (GetLastError=126)
LogWindows: File 'VtuneApi32e.dll' does not exist
LogConsoleResponse: Display: Failed to find resolution value strings in scalability ini. Falling back to default.
LogInit: Display: Running engine for game: plattformer_crow
LogPlatformFile: Not using cached read wrapper
LogTaskGraph: Started task graph with 5 named threads and 35 total threads with 3 sets of task threads.
LogStats: Stats thread started at 7.071907
LogD3D11RHI: Loaded GFSDK_Aftermath_Lib.x64.dll
LogICUInternationalization: ICU TimeZone Detection - Raw Offset: +1:00, Platform Override: ''
LogPluginManager: Mounting plugin Paper2D
LogPluginManager: Mounting plugin AISupport
LogPluginManager: Mounting plugin LightPropagationVolume
LogPluginManager: Mounting plugin ActorLayerUtilities
LogPluginManager: Mounting plugin AnimationSharing
LogPluginManager: Mounting plugin CLionSourceCodeAccess
LogPluginManager: Mounting plugin CodeLiteSourceCodeAccess
LogPluginManager: Mounting plugin GitSourceControl
LogPluginManager: Mounting plugin KDevelopSourceCodeAccess
LogPluginManager: Mounting plugin NullSourceCodeAccess
LogPluginManager: Mounting plugin PerforceSourceControl
LogPluginManager: Mounting plugin SubversionSourceControl
LogPluginManager: Mounting plugin UObjectPlugin
LogPluginManager: Mounting plugin VisualStudioCodeSourceCodeAccess
LogPluginManager: Mounting plugin VisualStudioSourceCodeAccess
LogPluginManager: Mounting plugin XCodeSourceCodeAccess
LogPluginManager: Mounting plugin AssetManagerEditor
LogPluginManager: Mounting plugin CryptoKeys
LogPluginManager: Mounting plugin CurveEditorTools
LogPluginManager: Mounting plugin DataValidation
LogPluginManager: Mounting plugin EditorScriptingUtilities
LogPluginManager: Mounting plugin FacialAnimation
LogPluginManager: Mounting plugin GameplayTagsEditor
LogPluginManager: Mounting plugin MacGraphicsSwitching
LogPluginManager: Mounting plugin MaterialAnalyzer
LogPluginManager: Mounting plugin MobileLauncherProfileWizard
LogPluginManager: Mounting plugin PluginBrowser
LogPluginManager: Mounting plugin SpeedTreeImporter
LogPluginManager: Mounting plugin DatasmithContent
LogPluginManager: Mounting plugin VariantManagerContent
LogPluginManager: Mounting plugin AlembicImporter
LogPluginManager: Mounting plugin AutomationUtils
LogPluginManager: Mounting plugin BackChannel
LogPluginManager: Mounting plugin CharacterAI
LogPluginManager: Mounting plugin GeometryCache
LogPluginManager: Mounting plugin HTML5Networking
LogPluginManager: Mounting plugin PlatformCrypto
LogPluginManager: Mounting plugin ProxyLODPlugin
LogPluginManager: Mounting plugin PythonScriptPlugin
LogPluginManager: Mounting plugin SkeletalReduction
LogPluginManager: Mounting plugin MagicLeap
LogPluginManager: Mounting plugin MagicLeapMedia
LogPluginManager: Mounting plugin AndroidMedia
LogPluginManager: Mounting plugin AvfMedia
LogPluginManager: Mounting plugin ImgMedia
LogPluginManager: Mounting plugin MediaCompositing
LogPluginManager: Mounting plugin MediaPlayerEditor
LogPluginManager: Mounting plugin WebMMedia
LogPluginManager: Mounting plugin WmfMedia
LogPluginManager: Mounting plugin MegascansPlugin
LogPluginManager: Mounting plugin TcpMessaging
LogPluginManager: Mounting plugin UdpMessaging
LogPluginManager: Mounting plugin ActorSequence
LogPluginManager: Mounting plugin LevelSequenceEditor
LogPluginManager: Mounting plugin MatineeToLevelSequence
LogPluginManager: Mounting plugin NetcodeUnitTest
LogPluginManager: Mounting plugin NUTUnrealEngine4
LogPluginManager: Mounting plugin OnlineSubsystemGooglePlay
LogPluginManager: Mounting plugin OnlineSubsystemIOS
LogPluginManager: Mounting plugin OnlineSubsystem
LogPluginManager: Mounting plugin OnlineSubsystemNull
LogPluginManager: Mounting plugin OnlineSubsystemUtils
LogPluginManager: Mounting plugin LauncherChunkInstaller
LogPluginManager: Mounting plugin AndroidDeviceProfileSelector
LogPluginManager: Mounting plugin AndroidMoviePlayer
LogPluginManager: Mounting plugin AndroidPermission
LogPluginManager: Mounting plugin AppleImageUtils
LogPluginManager: Mounting plugin AppleMoviePlayer
LogPluginManager: Mounting plugin ArchVisCharacter
LogPluginManager: Mounting plugin AudioCapture
LogPluginManager: Mounting plugin CableComponent
LogPluginManager: Mounting plugin CustomMeshComponent
LogPluginManager: Mounting plugin EditableMesh
LogPluginManager: Mounting plugin ExampleDeviceProfileSelector
LogPluginManager: Mounting plugin GoogleCloudMessaging
LogPluginManager: Mounting plugin IOSDeviceProfileSelector
LogPluginManager: Mounting plugin LinuxDeviceProfileSelector
LogPluginManager: Mounting plugin LocationServicesBPLibrary
LogPluginManager: Mounting plugin MobilePatchingUtils
LogPluginManager: Mounting plugin OculusVR
LogPluginManager: Mounting plugin PhysXVehicles
LogPluginManager: Mounting plugin ProceduralMeshComponent
LogPluginManager: Mounting plugin RuntimePhysXCooking
LogPluginManager: Mounting plugin SignificanceManager
LogPluginManager: Mounting plugin SteamVR
LogPluginManager: Mounting plugin WebMMoviePlayer
LogPluginManager: Mounting plugin WindowsMoviePlayer
LogPluginManager: Mounting plugin ScreenshotTools
LogInit: Using libcurl 7.55.1-DEV
LogInit:  - built for x86_64-pc-win32
LogInit:  - supports SSL with OpenSSL/1.1.1
LogInit:  - supports HTTP deflate (compression) using libz 1.2.8
LogInit:  - other features:
LogInit:      CURL_VERSION_SSL
LogInit:      CURL_VERSION_LIBZ
LogInit:      CURL_VERSION_IPV6
LogInit:      CURL_VERSION_ASYNCHDNS
LogInit:      CURL_VERSION_LARGEFILE
LogInit:      CURL_VERSION_IDN
LogInit:  CurlRequestOptions (configurable via config and command line):
LogInit:  - bVerifyPeer = true  - Libcurl will verify peer certificate
LogInit:  - bUseHttpProxy = false  - Libcurl will NOT use HTTP proxy
LogInit:  - bDontReuseConnections = false  - Libcurl will reuse connections
LogInit:  - MaxHostConnections = 16  - Libcurl will limit the number of connections to a host
LogInit:  - LocalHostAddr = Default
LogInit:  - BufferSize = 65536
LogOnline: OSS: Creating online subsystem instance for: NULL
LogInit: WinSock: version 1.1 (2.2), MaxSocks=32767, MaxUdp=65467
LogInit: Build: ++UE4+Release-4.23-CL-9631420
LogInit: Engine Version: 4.23.1-9631420+++UE4+Release-4.23
LogInit: Compatible Engine Version: 4.23.0-8386587+++UE4+Release-4.23
LogInit: Net CL: 8386587
LogInit: OS: Windows 10 (Release 1909) (), CPU: Intel(R) Core(TM) i7-8750H CPU @ 2.20GHz, GPU: Intel(R) UHD Graphics 630
LogInit: Compiled (64-bit): Oct 18 2019 02:07:44
LogInit: Compiled with Visual C++: 19.16.27030.01
LogInit: Build Configuration: Development
LogInit: Branch Name: ++UE4+Release-4.23
LogInit: Command Line: 
LogInit: Base Directory: D:/UNREAL/UNREAL PROGRAM/UE_4.23/Engine/Binaries/Win64/
LogInit: Installed Engine Build: 1
LogDevObjectVersion: Number of dev versions registered: 23
LogDevObjectVersion:   Dev-Blueprints (B0D832E4-1F89-4F0D-ACCF-7EB736FD4AA2): 10
LogDevObjectVersion:   Dev-Build (E1C64328-A22C-4D53-A36C-8E866417BD8C): 0
LogDevObjectVersion:   Dev-Core (375EC13C-06E4-48FB-B500-84F0262A717E): 3
LogDevObjectVersion:   Dev-Editor (E4B068ED-F494-42E9-A231-DA0B2E46BB41): 34
LogDevObjectVersion:   Dev-Framework (CFFC743F-43B0-4480-9391-14DF171D2073): 35
LogDevObjectVersion:   Dev-Mobile (B02B49B5-BB20-44E9-A304-32B752E40360): 2
LogDevObjectVersion:   Dev-Networking (A4E4105C-59A1-49B5-A7C5-40C4547EDFEE): 0
LogDevObjectVersion:   Dev-Online (39C831C9-5AE6-47DC-9A44-9C173E1C8E7C): 0
LogDevObjectVersion:   Dev-Physics (78F01B33-EBEA-4F98-B9B4-84EACCB95AA2): 0
LogDevObjectVersion:   Dev-Platform (6631380F-2D4D-43E0-8009-CF276956A95A): 0
LogDevObjectVersion:   Dev-Rendering (12F88B9F-8875-4AFC-A67C-D90C383ABD29): 31
LogDevObjectVersion:   Dev-Sequencer (7B5AE74C-D270-4C10-A958-57980B212A5A): 11
LogDevObjectVersion:   Dev-VR (D7296918-1DD6-4BDD-9DE2-64A83CC13884): 2
LogDevObjectVersion:   Dev-LoadTimes (C2A15278-BFE7-4AFE-6C17-90FF531DF755): 1
LogDevObjectVersion:   Private-Geometry (6EACA3D4-40EC-4CC1-B786-8BED09428FC5): 3
LogDevObjectVersion:   Dev-AnimPhys (29E575DD-E0A3-4627-9D10-D276232CDCEA): 17
LogDevObjectVersion:   Dev-Anim (AF43A65D-7FD3-4947-9873-3E8ED9C1BB05): 2
LogDevObjectVersion:   Dev-ReflectionCapture (6B266CEC-1EC7-4B8F-A30B-E4D90942FC07): 1
LogDevObjectVersion:   Dev-Automation (0DF73D61-A23F-47EA-B727-89E90C41499A): 1
LogDevObjectVersion:   FortniteMain (601D1886-AC64-4F84-AA16-D3DE0DEAC7D6): 27
LogDevObjectVersion:   Dev-Enterprise (9DFFBCD6-494F-0158-E221-12823C92A888): 6
LogDevObjectVersion:   Dev-Niagara (F2AED0AC-9AFE-416F-8664-AA7FFA26D6FC): 1
LogDevObjectVersion:   Dev-Destruction (174F1F0B-B4C6-45A5-B13F-2EE8D0FB917D): 9
LogInit: Presizing for max 16777216 objects, including 0 objects not considered by GC, pre-allocating 0 bytes for permanent pool.
LogInit: Object subsystem initialized
LogConfig: Setting CVar [[con.DebugEarlyDefault:1]]
LogConfig: Setting CVar [[r.setres:1280x720]]
[2020.05.02-10.38.20:348][  0]LogConfig: Setting CVar [[r.VSync:0]]
[2020.05.02-10.38.20:348][  0]LogConfig: Setting CVar [[r.RHICmdBypass:0]]
[2020.05.02-10.38.20:348][  0]LogConfig: Applying CVar settings from Section [/Script/Engine.RendererSettings] File [C:/Users/Boss/Documents/Unreal Projects/plattformer_crow/Saved/Config/Windows/Engine.ini]
[2020.05.02-10.38.20:348][  0]LogConfig: Setting CVar [[r.GPUCrashDebugging:0]]
[2020.05.02-10.38.20:348][  0]LogConfig: Applying CVar settings from Section [/Script/Engine.RendererOverrideSettings] File [C:/Users/Boss/Documents/Unreal Projects/plattformer_crow/Saved/Config/Windows/Engine.ini]
[2020.05.02-10.38.20:348][  0]LogConfig: Applying CVar settings from Section [/Script/Engine.StreamingSettings] File [C:/Users/Boss/Documents/Unreal Projects/plattformer_crow/Saved/Config/Windows/Engine.ini]
[2020.05.02-10.38.20:348][  0]LogConfig: Setting CVar [[s.MinBulkDataSizeForAsyncLoading:131072]]
[2020.05.02-10.38.20:348][  0]LogConfig: Setting CVar [[s.AsyncLoadingThreadEnabled:0]]
[2020.05.02-10.38.20:348][  0]LogConfig: Setting CVar [[s.EventDrivenLoaderEnabled:1]]
[2020.05.02-10.38.20:348][  0]LogConfig: Setting CVar [[s.WarnIfTimeLimitExceeded:0]]
[2020.05.02-10.38.20:348][  0]LogConfig: Setting CVar [[s.TimeLimitExceededMultiplier:1.5]]
[2020.05.02-10.38.20:348][  0]LogConfig: Setting CVar [[s.TimeLimitExceededMinTime:0.005]]
[2020.05.02-10.38.20:348][  0]LogConfig: Setting CVar [[s.UseBackgroundLevelStreaming:1]]
[2020.05.02-10.38.20:348][  0]LogConfig: Setting CVar [[s.PriorityAsyncLoadingExtraTime:15.0]]
[2020.05.02-10.38.20:348][  0]LogConfig: Setting CVar [[s.LevelStreamingActorsUpdateTimeLimit:5.0]]
[2020.05.02-10.38.20:348][  0]LogConfig: Setting CVar [[s.PriorityLevelStreamingActorsUpdateExtraTime:5.0]]
[2020.05.02-10.38.20:348][  0]LogConfig: Setting CVar [[s.LevelStreamingComponentsRegistrationGranularity:10]]
[2020.05.02-10.38.20:348][  0]LogConfig: Setting CVar [[s.UnregisterComponentsTimeLimit:1.0]]
[2020.05.02-10.38.20:348][  0]LogConfig: Setting CVar [[s.LevelStreamingComponentsUnregistrationGranularity:5]]
[2020.05.02-10.38.20:348][  0]LogConfig: Applying CVar settings from Section [/Script/Engine.GarbageCollectionSettings] File [C:/Users/Boss/Documents/Unreal Projects/plattformer_crow/Saved/Config/Windows/Engine.ini]
[2020.05.02-10.38.20:348][  0]LogConfig: Setting CVar [[gc.MaxObjectsNotConsideredByGC:1]]
[2020.05.02-10.38.20:348][  0]LogConfig: Setting CVar [[gc.SizeOfPermanentObjectPool:0]]
[2020.05.02-10.38.20:348][  0]LogConfig: Setting CVar [[gc.FlushStreamingOnGC:0]]
[2020.05.02-10.38.20:348][  0]LogConfig: Setting CVar [[gc.NumRetriesBeforeForcingGC:10]]
[2020.05.02-10.38.20:348][  0]LogConfig: Setting CVar [[gc.AllowParallelGC:1]]
[2020.05.02-10.38.20:348][  0]LogConfig: Setting CVar [[gc.TimeBetweenPurgingPendingKillObjects:61.1]]
[2020.05.02-10.38.20:348][  0]LogConfig: Setting CVar [[gc.MaxObjectsInEditor:16777216]]
[2020.05.02-10.38.20:348][  0]LogConfig: Setting CVar [[gc.IncrementalBeginDestroyEnabled:1]]
[2020.05.02-10.38.20:348][  0]LogConfig: Setting CVar [[gc.CreateGCClusters:1]]
[2020.05.02-10.38.20:348][  0]LogConfig: Setting CVar [[gc.MinGCClusterSize:5]]
[2020.05.02-10.38.20:348][  0]LogConfig: Setting CVar [[gc.ActorClusteringEnabled:0]]
[2020.05.02-10.38.20:348][  0]LogConfig: Setting CVar [[gc.BlueprintClusteringEnabled:0]]
[2020.05.02-10.38.20:348][  0]LogConfig: Setting CVar [[gc.UseDisregardForGCOnDedicatedServers:0]]
[2020.05.02-10.38.20:348][  0]LogConfig: Applying CVar settings from Section [/Script/Engine.NetworkSettings] File [C:/Users/Boss/Documents/Unreal Projects/plattformer_crow/Saved/Config/Windows/Engine.ini]
[2020.05.02-10.38.20:348][  0]LogConfig: Applying CVar settings from Section [/Script/UnrealEd.CookerSettings] File [C:/Users/Boss/Documents/Unreal Projects/plattformer_crow/Saved/Config/Windows/Engine.ini]
[2020.05.02-10.38.20:492][  0]LogConfig: Applying CVar settings from Section [ViewDistanceQuality@3] File [C:/Users/Boss/Documents/Unreal Projects/plattformer_crow/Saved/Config/Windows/Scalability.ini]
[2020.05.02-10.38.20:492][  0]LogConfig: Setting CVar [[r.SkeletalMeshLODBias:0]]
[2020.05.02-10.38.20:492][  0]LogConfig: Setting CVar [[r.ViewDistanceScale:1.0]]
[2020.05.02-10.38.20:492][  0]LogConfig: Applying CVar settings from Section [AntiAliasingQuality@3] File [C:/Users/Boss/Documents/Unreal Projects/plattformer_crow/Saved/Config/Windows/Scalability.ini]
[2020.05.02-10.38.20:492][  0]LogConfig: Setting CVar [[r.PostProcessAAQuality:4]]
[2020.05.02-10.38.20:492][  0]LogConfig: Applying CVar settings from Section [ShadowQuality@3] File [C:/Users/Boss/Documents/Unreal Projects/plattformer_crow/Saved/Config/Windows/Scalability.ini]
[2020.05.02-10.38.20:492][  0]LogConfig: Setting CVar [[r.LightFunctionQuality:1]]
[2020.05.02-10.38.20:492][  0]LogConfig: Setting CVar [[r.ShadowQuality:5]]
[2020.05.02-10.38.20:493][  0]LogConfig: Setting CVar [[r.Shadow.CSM.MaxCascades:10]]
[2020.05.02-10.38.20:493][  0]LogConfig: Setting CVar [[r.Shadow.MaxResolution:2048]]
[2020.05.02-10.38.20:493][  0]LogConfig: Setting CVar [[r.Shadow.MaxCSMResolution:2048]]
[2020.05.02-10.38.20:493][  0]LogConfig: Setting CVar [[r.Shadow.RadiusThreshold:0.01]]
[2020.05.02-10.38.20:493][  0]LogConfig: Setting CVar [[r.Shadow.DistanceScale:1.0]]
[2020.05.02-10.38.20:493][  0]LogConfig: Setting CVar [[r.Shadow.CSM.TransitionScale:1.0]]
[2020.05.02-10.38.20:493][  0]LogConfig: Setting CVar [[r.Shadow.PreShadowResolutionFactor:1.0]]
[2020.05.02-10.38.20:493][  0]LogConfig: Setting CVar [[r.DistanceFieldShadowing:1]]
[2020.05.02-10.38.20:493][  0]LogConfig: Setting CVar [[r.DistanceFieldAO:1]]
[2020.05.02-10.38.20:493][  0]LogConfig: Setting CVar [[r.AOQuality:2]]
[2020.05.02-10.38.20:493][  0]LogConfig: Setting CVar [[r.VolumetricFog:1]]
[2020.05.02-10.38.20:493][  0]LogConfig: Setting CVar [[r.VolumetricFog.GridPixelSize:8]]
[2020.05.02-10.38.20:493][  0]LogConfig: Setting CVar [[r.VolumetricFog.GridSizeZ:128]]
[2020.05.02-10.38.20:493][  0]LogConfig: Setting CVar [[r.VolumetricFog.HistoryMissSupersampleCount:4]]
[2020.05.02-10.38.20:493][  0]LogConfig: Setting CVar [[r.LightMaxDrawDistanceScale:1]]
[2020.05.02-10.38.20:493][  0]LogConfig: Setting CVar [[r.CapsuleShadows:1]]
[2020.05.02-10.38.20:493][  0]LogConfig: Applying CVar settings from Section [PostProcessQuality@3] File [C:/Users/Boss/Documents/Unreal Projects/plattformer_crow/Saved/Config/Windows/Scalability.ini]
[2020.05.02-10.38.20:493][  0]LogConfig: Setting CVar [[r.MotionBlurQuality:4]]
[2020.05.02-10.38.20:493][  0]LogConfig: Setting CVar [[r.AmbientOcclusionMipLevelFactor:0.4]]
[2020.05.02-10.38.20:493][  0]LogConfig: Setting CVar [[r.AmbientOcclusionMaxQuality:100]]
[2020.05.02-10.38.20:493][  0]LogConfig: Setting CVar [[r.AmbientOcclusionLevels:-1]]
[2020.05.02-10.38.20:493][  0]LogConfig: Setting CVar [[r.AmbientOcclusionRadiusScale:1.0]]
[2020.05.02-10.38.20:493][  0]LogConfig: Setting CVar [[r.DepthOfFieldQuality:2]]
[2020.05.02-10.38.20:493][  0]LogConfig: Setting CVar [[r.RenderTargetPoolMin:400]]
[2020.05.02-10.38.20:493][  0]LogConfig: Setting CVar [[r.LensFlareQuality:2]]
[2020.05.02-10.38.20:493][  0]LogConfig: Setting CVar [[r.SceneColorFringeQuality:1]]
[2020.05.02-10.38.20:493][  0]LogConfig: Setting CVar [[r.EyeAdaptationQuality:2]]
[2020.05.02-10.38.20:493][  0]LogConfig: Setting CVar [[r.BloomQuality:5]]
[2020.05.02-10.38.20:493][  0]LogConfig: Setting CVar [[r.FastBlurThreshold:100]]
[2020.05.02-10.38.20:493][  0]LogConfig: Setting CVar [[r.Upscale.Quality:3]]
[2020.05.02-10.38.20:493][  0]LogConfig: Setting CVar [[r.Tonemapper.GrainQuantization:1]]
[2020.05.02-10.38.20:493][  0]LogConfig: Setting CVar [[r.LightShaftQuality:1]]
[2020.05.02-10.38.20:493][  0]LogConfig: Setting CVar [[r.Filter.SizeScale:1]]
[2020.05.02-10.38.20:493][  0]LogConfig: Setting CVar [[r.Tonemapper.Quality:5]]
[2020.05.02-10.38.20:493][  0]LogConfig: Setting CVar [[r.DOF.Gather.AccumulatorQuality:1        ; higher gathering accumulator quality]]
[2020.05.02-10.38.20:493][  0]LogConfig: Setting CVar [[r.DOF.Gather.PostfilterMethod:1          ; Median3x3 postfilering method]]
[2020.05.02-10.38.20:493][  0]LogConfig: Setting CVar [[r.DOF.Gather.EnableBokehSettings:0       ; no bokeh simulation when gathering]]
[2020.05.02-10.38.20:493][  0]LogConfig: Setting CVar [[r.DOF.Gather.RingCount:4                 ; medium number of samples when gathering]]
[2020.05.02-10.38.20:493][  0]LogConfig: Setting CVar [[r.DOF.Scatter.ForegroundCompositing:1    ; additive foreground scattering]]
[2020.05.02-10.38.20:493][  0]LogConfig: Setting CVar [[r.DOF.Scatter.BackgroundCompositing:2    ; additive background scattering]]
[2020.05.02-10.38.20:493][  0]LogConfig: Setting CVar [[r.DOF.Scatter.EnableBokehSettings:1      ; bokeh simulation when scattering]]
[2020.05.02-10.38.20:493][  0]LogConfig: Setting CVar [[r.DOF.Scatter.MaxSpriteRatio:0.1         ; only a maximum of 10% of scattered bokeh]]
[2020.05.02-10.38.20:493][  0]LogConfig: Setting CVar [[r.DOF.Recombine.Quality:1                ; cheap slight out of focus]]
[2020.05.02-10.38.20:493][  0]LogConfig: Setting CVar [[r.DOF.Recombine.EnableBokehSettings:0    ; no bokeh simulation on slight out of focus]]
[2020.05.02-10.38.20:493][  0]LogConfig: Setting CVar [[r.DOF.TemporalAAQuality:1                ; more stable temporal accumulation]]
[2020.05.02-10.38.20:493][  0]LogConfig: Setting CVar [[r.DOF.Kernel.MaxForegroundRadius:0.025]]
[2020.05.02-10.38.20:493][  0]LogConfig: Setting CVar [[r.DOF.Kernel.MaxBackgroundRadius:0.025]]
[2020.05.02-10.38.20:493][  0]LogConfig: Applying CVar settings from Section [TextureQuality@3] File [C:/Users/Boss/Documents/Unreal Projects/plattformer_crow/Saved/Config/Windows/Scalability.ini]
[2020.05.02-10.38.20:493][  0]LogConfig: Setting CVar [[r.Streaming.MipBias:0]]
[2020.05.02-10.38.20:493][  0]LogConfig: Setting CVar [[r.Streaming.AmortizeCPUToGPUCopy:0]]
[2020.05.02-10.38.20:493][  0]LogConfig: Setting CVar [[r.Streaming.MaxNumTexturesToStreamPerFrame:0]]
[2020.05.02-10.38.20:493][  0]LogConfig: Setting CVar [[r.Streaming.Boost:1]]
[2020.05.02-10.38.20:493][  0]LogConfig: Setting CVar [[r.MaxAnisotropy:8]]
[2020.05.02-10.38.20:493][  0]LogConfig: Setting CVar [[r.Streaming.LimitPoolSizeToVRAM:0]]
[2020.05.02-10.38.20:493][  0]LogConfig: Setting CVar [[r.Streaming.PoolSize:1000]]
[2020.05.02-10.38.20:493][  0]LogConfig: Setting CVar [[r.Streaming.MaxEffectiveScreenSize:0]]
[2020.05.02-10.38.20:493][  0]LogConfig: Applying CVar settings from Section [EffectsQuality@3] File [C:/Users/Boss/Documents/Unreal Projects/plattformer_crow/Saved/Config/Windows/Scalability.ini]
[2020.05.02-10.38.20:493][  0]LogConfig: Setting CVar [[r.TranslucencyLightingVolumeDim:64]]
[2020.05.02-10.38.20:493][  0]LogConfig: Setting CVar [[r.RefractionQuality:2]]
[2020.05.02-10.38.20:493][  0]LogConfig: Setting CVar [[r.SSR.Quality:3]]
[2020.05.02-10.38.20:493][  0]LogConfig: Setting CVar [[r.SceneColorFormat:4]]
[2020.05.02-10.38.20:493][  0]LogConfig: Setting CVar [[r.DetailMode:2]]
[2020.05.02-10.38.20:493][  0]LogConfig: Setting CVar [[r.TranslucencyVolumeBlur:1]]
[2020.05.02-10.38.20:493][  0]LogConfig: Setting CVar [[r.MaterialQualityLevel:1 ; High quality]]
[2020.05.02-10.38.20:493][  0]LogConfig: Setting CVar [[r.SSS.Scale:1]]
[2020.05.02-10.38.20:493][  0]LogConfig: Setting CVar [[r.SSS.SampleSet:2]]
[2020.05.02-10.38.20:493][  0]LogConfig: Setting CVar [[r.SSS.Quality:1]]
[2020.05.02-10.38.20:493][  0]LogConfig: Setting CVar [[r.SSS.HalfRes:1]]
[2020.05.02-10.38.20:493][  0]LogConfig: Setting CVar [[r.EmitterSpawnRateScale:1.0]]
[2020.05.02-10.38.20:493][  0]LogConfig: Setting CVar [[r.ParticleLightQuality:2]]
[2020.05.02-10.38.20:493][  0]LogConfig: Applying CVar settings from Section [FoliageQuality@3] File [C:/Users/Boss/Documents/Unreal Projects/plattformer_crow/Saved/Config/Windows/Scalability.ini]
[2020.05.02-10.38.20:493][  0]LogConfig: Setting CVar [[foliage.DensityScale:1.0]]
[2020.05.02-10.38.20:493][  0]LogConfig: Setting CVar [[grass.DensityScale:1.0]]
[2020.05.02-10.38.20:494][  0]LogInit: Selected Device Profile: [Windows]
[2020.05.02-10.38.20:494][  0]LogInit: Applying CVar settings loaded from the selected device profile: [Windows]
[2020.05.02-10.38.20:553][  0]LogHAL: Display: Platform has ~ 16 GB [17041641472 / 17179869184 / 16], which maps to Larger [LargestMinGB=32, LargerMinGB=12, DefaultMinGB=8, SmallerMinGB=6, SmallestMinGB=0)
[2020.05.02-10.38.20:553][  0]LogInit: Going up to parent DeviceProfile []
[2020.05.02-10.38.20:553][  0]LogConfig: Applying CVar settings from Section [ViewDistanceQuality@Cine] File [C:/Users/Boss/Documents/Unreal Projects/plattformer_crow/Saved/Config/Windows/Scalability.ini]
[2020.05.02-10.38.20:553][  0]LogConfig: Setting CVar [[r.SkeletalMeshLODBias:0]]
[2020.05.02-10.38.20:553][  0]LogConfig: Setting CVar [[r.ViewDistanceScale:10.0]]
[2020.05.02-10.38.20:553][  0]LogConfig: Applying CVar settings from Section [AntiAliasingQuality@Cine] File [C:/Users/Boss/Documents/Unreal Projects/plattformer_crow/Saved/Config/Windows/Scalability.ini]
[2020.05.02-10.38.20:553][  0]LogConfig: Setting CVar [[r.PostProcessAAQuality:6]]
[2020.05.02-10.38.20:553][  0]LogConfig: Applying CVar settings from Section [ShadowQuality@Cine] File [C:/Users/Boss/Documents/Unreal Projects/plattformer_crow/Saved/Config/Windows/Scalability.ini]
[2020.05.02-10.38.20:553][  0]LogConfig: Setting CVar [[r.LightFunctionQuality:1]]
[2020.05.02-10.38.20:553][  0]LogConfig: Setting CVar [[r.ShadowQuality:5]]
[2020.05.02-10.38.20:553][  0]LogConfig: Setting CVar [[r.Shadow.CSM.MaxCascades:10]]
[2020.05.02-10.38.20:553][  0]LogConfig: Setting CVar [[r.Shadow.MaxResolution:4096]]
[2020.05.02-10.38.20:553][  0]LogConfig: Setting CVar [[r.Shadow.MaxCSMResolution:4096]]
[2020.05.02-10.38.20:553][  0]LogConfig: Setting CVar [[r.Shadow.RadiusThreshold:0]]
[2020.05.02-10.38.20:553][  0]LogConfig: Setting CVar [[r.Shadow.DistanceScale:1.0]]
[2020.05.02-10.38.20:553][  0]LogConfig: Setting CVar [[r.Shadow.CSM.TransitionScale:1.0]]
[2020.05.02-10.38.20:553][  0]LogConfig: Setting CVar [[r.Shadow.PreShadowResolutionFactor:1.0]]
[2020.05.02-10.38.20:553][  0]LogConfig: Setting CVar [[r.DistanceFieldShadowing:1]]
[2020.05.02-10.38.20:553][  0]LogConfig: Setting CVar [[r.DistanceFieldAO:1]]
[2020.05.02-10.38.20:553][  0]LogConfig: Setting CVar [[r.AOQuality:2]]
[2020.05.02-10.38.20:553][  0]LogConfig: Setting CVar [[r.VolumetricFog:1]]
[2020.05.02-10.38.20:553][  0]LogConfig: Setting CVar [[r.VolumetricFog.GridPixelSize:4]]
[2020.05.02-10.38.20:553][  0]LogConfig: Setting CVar [[r.VolumetricFog.GridSizeZ:128]]
[2020.05.02-10.38.20:553][  0]LogConfig: Setting CVar [[r.VolumetricFog.HistoryMissSupersampleCount:16]]
[2020.05.02-10.38.20:553][  0]LogConfig: Setting CVar [[r.LightMaxDrawDistanceScale:1]]
[2020.05.02-10.38.20:553][  0]LogConfig: Setting CVar [[r.CapsuleShadows:1]]
[2020.05.02-10.38.20:553][  0]LogConfig: Applying CVar settings from Section [PostProcessQuality@Cine] File [C:/Users/Boss/Documents/Unreal Projects/plattformer_crow/Saved/Config/Windows/Scalability.ini]
[2020.05.02-10.38.20:553][  0]LogConfig: Setting CVar [[r.MotionBlurQuality:4]]
[2020.05.02-10.38.20:553][  0]LogConfig: Setting CVar [[r.AmbientOcclusionMipLevelFactor:0.4]]
[2020.05.02-10.38.20:553][  0]LogConfig: Setting CVar [[r.AmbientOcclusionMaxQuality:100]]
[2020.05.02-10.38.20:553][  0]LogConfig: Setting CVar [[r.AmbientOcclusionLevels:-1]]
[2020.05.02-10.38.20:553][  0]LogConfig: Setting CVar [[r.AmbientOcclusionRadiusScale:1.0]]
[2020.05.02-10.38.20:553][  0]LogConfig: Setting CVar [[r.DepthOfFieldQuality:4]]
[2020.05.02-10.38.20:553][  0]LogConfig: Setting CVar [[r.RenderTargetPoolMin:1000]]
[2020.05.02-10.38.20:553][  0]LogConfig: Setting CVar [[r.LensFlareQuality:3]]
[2020.05.02-10.38.20:553][  0]LogConfig: Setting CVar [[r.SceneColorFringeQuality:1]]
[2020.05.02-10.38.20:553][  0]LogConfig: Setting CVar [[r.EyeAdaptationQuality:2]]
[2020.05.02-10.38.20:553][  0]LogConfig: Setting CVar [[r.BloomQuality:5]]
[2020.05.02-10.38.20:553][  0]LogConfig: Setting CVar [[r.FastBlurThreshold:100]]
[2020.05.02-10.38.20:553][  0]LogConfig: Setting CVar [[r.Upscale.Quality:3]]
[2020.05.02-10.38.20:553][  0]LogConfig: Setting CVar [[r.Tonemapper.GrainQuantization:1]]
[2020.05.02-10.38.20:553][  0]LogConfig: Setting CVar [[r.LightShaftQuality:1]]
[2020.05.02-10.38.20:553][  0]LogConfig: Setting CVar [[r.Filter.SizeScale:1]]
[2020.05.02-10.38.20:553][  0]LogConfig: Setting CVar [[r.Tonemapper.Quality:5]]
[2020.05.02-10.38.20:553][  0]LogConfig: Setting CVar [[r.DOF.Gather.AccumulatorQuality:1        ; higher gathering accumulator quality]]
[2020.05.02-10.38.20:553][  0]LogConfig: Setting CVar [[r.DOF.Gather.PostfilterMethod:1          ; Median3x3 postfilering method]]
[2020.05.02-10.38.20:553][  0]LogConfig: Setting CVar [[r.DOF.Gather.EnableBokehSettings:1       ; bokeh simulation when gathering]]
[2020.05.02-10.38.20:553][  0]LogConfig: Setting CVar [[r.DOF.Gather.RingCount:5                 ; high number of samples when gathering]]
[2020.05.02-10.38.20:553][  0]LogConfig: Setting CVar [[r.DOF.Scatter.ForegroundCompositing:1    ; additive foreground scattering]]
[2020.05.02-10.38.20:553][  0]LogConfig: Setting CVar [[r.DOF.Scatter.BackgroundCompositing:2    ; background scattering occlusion]]
[2020.05.02-10.38.20:553][  0]LogConfig: Setting CVar [[r.DOF.Scatter.EnableBokehSettings:1      ; no bokeh simulation when scattering]]
[2020.05.02-10.38.20:553][  0]LogConfig: Setting CVar [[r.DOF.Scatter.MaxSpriteRatio:0.25        ; only a maximum of 10% of scattered bokeh]]
[2020.05.02-10.38.20:553][  0]LogConfig: Setting CVar [[r.DOF.Recombine.Quality:2                ; highest slight out of focus]]
[2020.05.02-10.38.20:553][  0]LogConfig: Setting CVar [[r.DOF.Recombine.EnableBokehSettings:1    ; bokeh simulation on slight out of focus]]
[2020.05.02-10.38.20:553][  0]LogConfig: Setting CVar [[r.DOF.TemporalAAQuality:1                ; more stable temporal accumulation]]
[2020.05.02-10.38.20:553][  0]LogConfig: Setting CVar [[r.DOF.Kernel.MaxForegroundRadius:0.025]]
[2020.05.02-10.38.20:553][  0]LogConfig: Setting CVar [[r.DOF.Kernel.MaxBackgroundRadius:0.025]]
[2020.05.02-10.38.20:553][  0]LogConfig: Applying CVar settings from Section [TextureQuality@Cine] File [C:/Users/Boss/Documents/Unreal Projects/plattformer_crow/Saved/Config/Windows/Scalability.ini]
[2020.05.02-10.38.20:553][  0]LogConfig: Setting CVar [[r.Streaming.MipBias:0]]
[2020.05.02-10.38.20:553][  0]LogConfig: Setting CVar [[r.Streaming.AmortizeCPUToGPUCopy:0]]
[2020.05.02-10.38.20:553][  0]LogConfig: Setting CVar [[r.Streaming.MaxNumTexturesToStreamPerFrame:0]]
[2020.05.02-10.38.20:553][  0]LogConfig: Setting CVar [[r.Streaming.Boost:1]]
[2020.05.02-10.38.20:553][  0]LogConfig: Setting CVar [[r.MaxAnisotropy:8]]
[2020.05.02-10.38.20:553][  0]LogConfig: Setting CVar [[r.Streaming.LimitPoolSizeToVRAM:0]]
[2020.05.02-10.38.20:553][  0]LogConfig: Setting CVar [[r.Streaming.PoolSize:3000]]
[2020.05.02-10.38.20:553][  0]LogConfig: Setting CVar [[r.Streaming.MaxEffectiveScreenSize:0]]
[2020.05.02-10.38.20:553][  0]LogConfig: Applying CVar settings from Section [EffectsQuality@Cine] File [C:/Users/Boss/Documents/Unreal Projects/plattformer_crow/Saved/Config/Windows/Scalability.ini]
[2020.05.02-10.38.20:553][  0]LogConfig: Setting CVar [[r.TranslucencyLightingVolumeDim:64]]
[2020.05.02-10.38.20:553][  0]LogConfig: Setting CVar [[r.RefractionQuality:2]]
[2020.05.02-10.38.20:553][  0]LogConfig: Setting CVar [[r.SSR.Quality:4]]
[2020.05.02-10.38.20:553][  0]LogConfig: Setting CVar [[r.SceneColorFormat:4]]
[2020.05.02-10.38.20:553][  0]LogConfig: Setting CVar [[r.DetailMode:2]]
[2020.05.02-10.38.20:553][  0]LogConfig: Setting CVar [[r.TranslucencyVolumeBlur:1]]
[2020.05.02-10.38.20:553][  0]LogConfig: Setting CVar [[r.MaterialQualityLevel:1 ; High quality]]
[2020.05.02-10.38.20:554][  0]LogConfig: Setting CVar [[r.SSS.Scale:1]]
[2020.05.02-10.38.20:554][  0]LogConfig: Setting CVar [[r.SSS.SampleSet:2]]
[2020.05.02-10.38.20:554][  0]LogConfig: Setting CVar [[r.SSS.Quality:1]]
[2020.05.02-10.38.20:554][  0]LogConfig: Setting CVar [[r.SSS.HalfRes:0]]
[2020.05.02-10.38.20:554][  0]LogConfig: Setting CVar [[r.EmitterSpawnRateScale:1.0]]
[2020.05.02-10.38.20:554][  0]LogConfig: Setting CVar [[r.ParticleLightQuality:2]]
[2020.05.02-10.38.20:554][  0]LogConfig: Applying CVar settings from Section [FoliageQuality@Cine] File [C:/Users/Boss/Documents/Unreal Projects/plattformer_crow/Saved/Config/Windows/Scalability.ini]
[2020.05.02-10.38.20:554][  0]LogConfig: Setting CVar [[foliage.DensityScale:1.0]]
[2020.05.02-10.38.20:554][  0]LogConfig: Setting CVar [[grass.DensityScale:1.0]]
[2020.05.02-10.38.20:554][  0]LogConfig: Applying CVar settings from Section [Startup] File [../../../Engine/Config/ConsoleVariables.ini]
[2020.05.02-10.38.20:585][  0]LogConfig: Setting CVar [[net.UseAdaptiveNetUpdateFrequency:0]]
[2020.05.02-10.38.20:585][  0]LogConfig: Setting CVar [[p.chaos.AllowCreatePhysxBodies:1]]
[2020.05.02-10.38.20:585][  0]LogConfig: Applying CVar settings from Section [ConsoleVariables] File [C:/Users/Boss/Documents/Unreal Projects/plattformer_crow/Saved/Config/Windows/Engine.ini]
[2020.05.02-10.38.20:623][  0]LogInit: Computer: BOSS-STATION
[2020.05.02-10.38.20:623][  0]LogInit: User: Boss
[2020.05.02-10.38.20:623][  0]LogInit: CPU Page size=4096, Cores=6
[2020.05.02-10.38.20:623][  0]LogInit: High frequency timer resolution =10.000000 MHz
[2020.05.02-10.38.20:623][  0]LogMemory: Memory total: Physical=15.9GB (16GB approx)
[2020.05.02-10.38.20:624][  0]LogMemory: Platform Memory Stats for Windows
[2020.05.02-10.38.20:624][  0]LogMemory: Process Physical Memory: 101.46 MB used, 101.47 MB peak
[2020.05.02-10.38.20:624][  0]LogMemory: Process Virtual Memory: 102.40 MB used, 102.40 MB peak
[2020.05.02-10.38.20:624][  0]LogMemory: Physical Memory: 6148.61 MB used,  10103.57 MB free, 16252.18 MB total
[2020.05.02-10.38.20:624][  0]LogMemory: Virtual Memory: 4691.32 MB used,  134213040.00 MB free, 134217728.00 MB total
[2020.05.02-10.38.20:646][  0]LogWindows: WindowsPlatformFeatures enabled
[2020.05.02-10.38.22:521][  0]LogInit: Using OS detected language (en-US).
[2020.05.02-10.38.22:521][  0]LogInit: Using OS detected locale (en-US).
[2020.05.02-10.38.22:532][  0]LogTextLocalizationManager: No specific localization for 'en-US' exists, so the 'en' localization will be used.
[2020.05.02-10.38.24:581][  0]LogSlate: New Slate User Created.  User Index 0, Is Virtual User: 0
[2020.05.02-10.38.24:581][  0]LogSlate: Slate User Registered.  User Index 0, Is Virtual User: 0
[2020.05.02-10.38.30:256][  0]LogHMD: Failed to initialize OpenVR with code 110
[2020.05.02-10.38.30:256][  0]LogD3D11RHI: D3D11 adapters:
[2020.05.02-10.38.30:316][  0]LogD3D11RHI:    0. 'NVIDIA GeForce GTX 1060' (Feature Level 11_0)
[2020.05.02-10.38.30:316][  0]LogD3D11RHI:       6052/0/8126 MB DedicatedVideo/DedicatedSystem/SharedSystem, Outputs:1, VendorId:0x10de
[2020.05.02-10.38.30:333][  0]LogD3D11RHI:    1. 'Intel(R) UHD Graphics 630' (Feature Level 11_0)
[2020.05.02-10.38.30:333][  0]LogD3D11RHI:       128/0/8126 MB DedicatedVideo/DedicatedSystem/SharedSystem, Outputs:0, VendorId:0x8086
[2020.05.02-10.38.30:335][  0]LogD3D11RHI:    2. 'Microsoft Basic Render Driver' (Feature Level 11_0)
[2020.05.02-10.38.30:335][  0]LogD3D11RHI:       0/0/8126 MB DedicatedVideo/DedicatedSystem/SharedSystem, Outputs:0, VendorId:0x1414
[2020.05.02-10.38.30:335][  0]LogD3D11RHI: Chosen D3D11 Adapter: 0
[2020.05.02-10.38.30:365][  0]LogD3D11RHI: Creating new Direct3DDevice
[2020.05.02-10.38.30:365][  0]LogD3D11RHI:     GPU DeviceId: 0x1c20 (for the marketing name, search the web for "GPU Device Id")
[2020.05.02-10.38.30:365][  0]LogWindows: EnumDisplayDevices:
[2020.05.02-10.38.30:365][  0]LogWindows:    0. 'Intel(R) UHD Graphics 630' (P:1 D:1)
[2020.05.02-10.38.30:365][  0]LogWindows:    1. 'Intel(R) UHD Graphics 630' (P:0 D:0)
[2020.05.02-10.38.30:366][  0]LogWindows:    2. 'Intel(R) UHD Graphics 630' (P:0 D:0)
[2020.05.02-10.38.30:366][  0]LogWindows:    3. 'NVIDIA GeForce GTX 1060' (P:0 D:0)
[2020.05.02-10.38.30:366][  0]LogWindows: DebugString: PrimaryIsNotTheChoosenAdapter PrimaryIsNotTheChoosenAdapter PrimaryIsNotTheChoosenAdapter 
[2020.05.02-10.38.30:366][  0]LogD3D11RHI:     Adapter Name: NVIDIA GeForce GTX 1060
[2020.05.02-10.38.30:377][  0]LogD3D11RHI:   Driver Version: 445.75 (internal:26.21.14.4575, unified:445.75)
[2020.05.02-10.38.30:377][  0]LogD3D11RHI:      Driver Date: 3-17-2020
[2020.05.02-10.38.30:377][  0]LogRHI: Texture pool is 4236 MB (70% of 6052 MB)
[2020.05.02-10.38.30:425][  0]LogD3D11RHI: Async texture creation enabled
[2020.05.02-10.38.30:552][  0]LogD3D11RHI: GPU Timing Frequency: 1000.000000 (Debug: 2 1)
[2020.05.02-10.38.31:313][  0]LogTemp: Display: Module 'AllDesktopTargetPlatform' loaded TargetPlatform 'AllDesktop'
[2020.05.02-10.38.31:331][  0]LogTemp: Display: Module 'MacClientTargetPlatform' loaded TargetPlatform 'MacClient'
[2020.05.02-10.38.31:351][  0]LogTemp: Display: Module 'MacNoEditorTargetPlatform' loaded TargetPlatform 'MacNoEditor'
[2020.05.02-10.38.31:360][  0]LogTemp: Display: Module 'MacServerTargetPlatform' loaded TargetPlatform 'MacServer'
[2020.05.02-10.38.31:396][  0]LogTemp: Display: Module 'MacTargetPlatform' loaded TargetPlatform 'Mac'
[2020.05.02-10.38.31:420][  0]LogTemp: Display: Module 'WindowsClientTargetPlatform' loaded TargetPlatform 'WindowsClient'
[2020.05.02-10.38.31:445][  0]LogTemp: Display: Module 'WindowsNoEditorTargetPlatform' loaded TargetPlatform 'WindowsNoEditor'
[2020.05.02-10.38.31:458][  0]LogTemp: Display: Module 'WindowsServerTargetPlatform' loaded TargetPlatform 'WindowsServer'
[2020.05.02-10.38.31:477][  0]LogTemp: Display: Module 'WindowsTargetPlatform' loaded TargetPlatform 'Windows'
[2020.05.02-10.38.31:542][  0]LogTemp: Display: Module 'AndroidTargetPlatform' loaded TargetPlatform 'Android'
[2020.05.02-10.38.31:542][  0]LogTemp: Display: Module 'AndroidTargetPlatform' loaded TargetPlatform 'Android_ASTC'
[2020.05.02-10.38.31:542][  0]LogTemp: Display: Module 'AndroidTargetPlatform' loaded TargetPlatform 'Android_ATC'
[2020.05.02-10.38.31:542][  0]LogTemp: Display: Module 'AndroidTargetPlatform' loaded TargetPlatform 'Android_DXT'
[2020.05.02-10.38.31:542][  0]LogTemp: Display: Module 'AndroidTargetPlatform' loaded TargetPlatform 'Android_ETC1'
[2020.05.02-10.38.31:542][  0]LogTemp: Display: Module 'AndroidTargetPlatform' loaded TargetPlatform 'Android_ETC1a'
[2020.05.02-10.38.31:542][  0]LogTemp: Display: Module 'AndroidTargetPlatform' loaded TargetPlatform 'Android_ETC2'
[2020.05.02-10.38.31:542][  0]LogTemp: Display: Module 'AndroidTargetPlatform' loaded TargetPlatform 'Android_PVRTC'
[2020.05.02-10.38.31:542][  0]LogTemp: Display: Module 'AndroidTargetPlatform' loaded TargetPlatform 'AndroidClient'
[2020.05.02-10.38.31:542][  0]LogTemp: Display: Module 'AndroidTargetPlatform' loaded TargetPlatform 'Android_ASTCClient'
[2020.05.02-10.38.31:542][  0]LogTemp: Display: Module 'AndroidTargetPlatform' loaded TargetPlatform 'Android_ATCClient'
[2020.05.02-10.38.31:542][  0]LogTemp: Display: Module 'AndroidTargetPlatform' loaded TargetPlatform 'Android_DXTClient'
[2020.05.02-10.38.31:542][  0]LogTemp: Display: Module 'AndroidTargetPlatform' loaded TargetPlatform 'Android_ETC1Client'
[2020.05.02-10.38.31:542][  0]LogTemp: Display: Module 'AndroidTargetPlatform' loaded TargetPlatform 'Android_ETC1aClient'
[2020.05.02-10.38.31:542][  0]LogTemp: Display: Module 'AndroidTargetPlatform' loaded TargetPlatform 'Android_ETC2Client'
[2020.05.02-10.38.31:542][  0]LogTemp: Display: Module 'AndroidTargetPlatform' loaded TargetPlatform 'Android_PVRTCClient'
[2020.05.02-10.38.31:542][  0]LogTemp: Display: Module 'AndroidTargetPlatform' loaded TargetPlatform 'Android_Multi'
[2020.05.02-10.38.31:542][  0]LogTemp: Display: Module 'AndroidTargetPlatform' loaded TargetPlatform 'Android_MultiClient'
[2020.05.02-10.38.31:591][  0]LogTemp: Display: Module 'HTML5TargetPlatform' loaded TargetPlatform 'HTML5'
[2020.05.02-10.38.31:653][  0]LogTemp: Display: Module 'IOSTargetPlatform' loaded TargetPlatform 'IOSClient'
[2020.05.02-10.38.31:653][  0]LogTemp: Display: Module 'IOSTargetPlatform' loaded TargetPlatform 'IOS'
[2020.05.02-10.38.31:718][  0]LogTemp: Display: Module 'TVOSTargetPlatform' loaded TargetPlatform 'TVOSClient'
[2020.05.02-10.38.31:718][  0]LogTemp: Display: Module 'TVOSTargetPlatform' loaded TargetPlatform 'TVOS'
[2020.05.02-10.38.31:744][  0]LogTemp: Display: Module 'LinuxClientTargetPlatform' loaded TargetPlatform 'LinuxClient'
[2020.05.02-10.38.31:760][  0]LogTemp: Display: Module 'LinuxNoEditorTargetPlatform' loaded TargetPlatform 'LinuxNoEditor'
[2020.05.02-10.38.31:778][  0]LogTemp: Display: Module 'LinuxServerTargetPlatform' loaded TargetPlatform 'LinuxServer'
[2020.05.02-10.38.31:807][  0]LogTemp: Display: Module 'LinuxTargetPlatform' loaded TargetPlatform 'Linux'
[2020.05.02-10.38.31:840][  0]LogTemp: Display: Module 'LuminTargetPlatform' loaded TargetPlatform 'Lumin'
[2020.05.02-10.38.31:840][  0]LogTemp: Display: Module 'LuminTargetPlatform' loaded TargetPlatform 'LuminClient'
[2020.05.02-10.38.31:840][  0]LogTargetPlatformManager: Display: Building Assets For Windows
[2020.05.02-10.38.31:986][  0]LogAudioDebug: Display: Lib vorbis DLL was dynamically loaded.
[2020.05.02-10.38.32:762][  0]LogShaderCompilers: Guid format shader working directory is -12 characters bigger than the processId version (C:/Users/Boss/Documents/Unreal Projects/plattformer_crow/Intermediate/Shaders/WorkingDirectory/25608/).
[2020.05.02-10.38.32:762][  0]LogShaderCompilers: Cleaned the shader compiler working directory 'C:/Users/Boss/AppData/Local/Temp/UnrealShaderWorkingDir/4DF5D8AD4301838991B267B8B8DBC169/'.
[2020.05.02-10.38.32:785][  0]LogXGEController: Cleaning working directory: C:/Users/Boss/AppData/Local/Temp/UnrealXGEWorkingDir/
[2020.05.02-10.38.32:786][  0]LogXGEController: Cannot use XGE Controller as Incredibuild is not installed on this machine.
[2020.05.02-10.38.32:804][  0]LogShaderCompilers: Cannot use XGE Shader Compiler as Incredibuild is not installed on this machine.
[2020.05.02-10.38.32:804][  0]LogShaderCompilers: Display: Using Local Shader Compiler.
[2020.05.02-10.38.34:989][  0]LogDerivedDataCache: Display: Max Cache Size: 512 MB
[2020.05.02-10.38.35:241][  0]LogDerivedDataCache: Loaded boot cache 0.25s 73MB C:/Users/Boss/AppData/Local/UnrealEngine/4.23/DerivedDataCache/Boot.ddc.
[2020.05.02-10.38.35:241][  0]LogDerivedDataCache: Display: Loaded Boot cache: C:/Users/Boss/AppData/Local/UnrealEngine/4.23/DerivedDataCache/Boot.ddc
[2020.05.02-10.38.35:241][  0]LogDerivedDataCache: FDerivedDataBackendGraph:  Pak pak cache file C:/Users/Boss/Documents/Unreal Projects/plattformer_crow/DerivedDataCache/DDC.ddp not found, will not use a pak cache.
[2020.05.02-10.38.35:241][  0]LogDerivedDataCache: Unable to find inner node Pak for hierarchical cache Hierarchy.
[2020.05.02-10.38.35:241][  0]LogDerivedDataCache: FDerivedDataBackendGraph:  CompressedPak pak cache file C:/Users/Boss/Documents/Unreal Projects/plattformer_crow/DerivedDataCache/Compressed.ddp not found, will not use a pak cache.
[2020.05.02-10.38.35:241][  0]LogDerivedDataCache: Unable to find inner node CompressedPak for hierarchical cache Hierarchy.
[2020.05.02-10.38.35:367][  0]LogDerivedDataCache: Display: Pak cache opened for reading ../../../Engine/DerivedDataCache/Compressed.ddp.
[2020.05.02-10.38.35:386][  0]LogDerivedDataCache: Display: Pak cache opened for reading ../../../Enterprise/DerivedDataCache/Compressed.ddp.
[2020.05.02-10.38.35:387][  0]LogDerivedDataCache: Using Local data cache path C:/Users/Boss/AppData/Local/UnrealEngine/Common/DerivedDataCache: Writable
[2020.05.02-10.38.35:387][  0]LogDerivedDataCache: Shared data cache path not found in *engine.ini, will not use an Shared cache.
[2020.05.02-10.38.35:387][  0]LogDerivedDataCache: Unable to find inner node Shared for hierarchical cache Hierarchy.
[2020.05.02-10.38.35:429][  0]LogMaterial: Verifying Global Shaders for PCD3D_SM5
[2020.05.02-10.38.35:495][  0]LogSlate: Using FreeType 2.6.0
[2020.05.02-10.38.35:552][  0]LogSlate: SlateFontServices - WITH_FREETYPE: 1, WITH_HARFBUZZ: 1
[2020.05.02-10.38.36:333][  0]LogAssetRegistry: FAssetRegistry took 0.0115 seconds to start up
[2020.05.02-10.38.41:413][  0]LogInit: Selected Device Profile: [Windows]
[2020.05.02-10.38.43:840][  0]LogMeshReduction: Using QuadricMeshReduction for automatic static mesh reduction
[2020.05.02-10.38.43:840][  0]LogMeshReduction: Using SimplygonMeshReduction for automatic skeletal mesh reduction
[2020.05.02-10.38.43:840][  0]LogMeshReduction: Using ProxyLODMeshReduction for automatic mesh merging
[2020.05.02-10.38.43:840][  0]LogMeshReduction: No distributed automatic mesh merging module available
[2020.05.02-10.38.43:841][  0]LogMeshMerging: No distributed automatic mesh merging module available
[2020.05.02-10.38.44:543][  0]LogNetVersion: plattformer_crow 1.0.0, NetCL: 8386587, EngineNetVer: 11, GameNetVer: 0 (Checksum: 2094653162)
[2020.05.02-10.38.49:570][  0]LogPackageLocalizationCache: Processed 14 localized package path(s) for 1 prioritized culture(s) in 0.062700 seconds
[2020.05.02-10.38.49:602][  0]LogUObjectArray: 43444 objects as part of root set at end of initial load.
[2020.05.02-10.38.49:602][  0]LogUObjectAllocator: 7548648 out of 0 bytes used by permanent object pool.
[2020.05.02-10.38.49:602][  0]LogUObjectArray: CloseDisregardForGC: 0/0 objects in disregard for GC pool
[2020.05.02-10.39.27:592][  0]LogPython: Using Python 2.7.14
[2020.05.02-10.39.28:939][  0]LogTcpMessaging: Initializing TcpMessaging bridge
[2020.05.02-10.39.29:005][  0]LogUdpMessaging: Initializing bridge on interface 0.0.0.0:0 to multicast group 230.0.0.1:6666.
[2020.05.02-10.39.29:767][  0]SourceControl: Source control is disabled
[2020.05.02-10.39.29:767][  0]SourceControl: Source control is disabled
[2020.05.02-10.39.29:912][  0]SourceControl: Source control is disabled
[2020.05.02-10.39.29:932][  0]SourceControl: Source control is disabled
[2020.05.02-10.39.31:505][  0]LogAndroidPermission: UAndroidPermissionCallbackProxy::GetInstance
[2020.05.02-10.39.32:070][  0]LogOcInput: OculusInput pre-init called
[2020.05.02-10.39.32:128][  0]LogWindows: Failed to load 'OVRPlugin.dll' (GetLastError=126)
[2020.05.02-10.39.32:129][  0]LogWindows: File 'OVRPlugin.dll' does not exist
[2020.05.02-10.39.34:602][  0]LogEngine: Initializing Engine...
[2020.05.02-10.39.34:668][  0]LogHMD: Failed to initialize OpenVR with code 110
[2020.05.02-10.39.34:681][  0]LogStats: UGameplayTagsManager::InitializeManager -  0.001 s
[2020.05.02-10.39.35:064][  0]LogInit: Initializing FReadOnlyCVARCache
[2020.05.02-10.39.35:379][  0]LogAIModule: Creating AISystem for world Untitled
[2020.05.02-10.39.35:488][  0]LogInit: XAudio2 using 'Speakers (Realtek(R) Audio)' : 2 channels at 48 kHz using 32 bits per sample (channel mask 0x3)
[2020.05.02-10.39.35:575][  0]LogInit: FAudioDevice initialized.
[2020.05.02-10.39.35:576][  0]LogNetVersion: Set ProjectVersion to 1.0.0.0. Version Checksum will be recalculated on next use.
[2020.05.02-10.39.35:707][  0]LogDerivedDataCache: Saved boot cache 0.13s 73MB C:/Users/Boss/AppData/Local/UnrealEngine/4.23/DerivedDataCache/Boot.ddc.
[2020.05.02-10.39.35:713][  0]LogInit: Texture streaming: Enabled
[2020.05.02-10.39.35:850][  0]LogEngineSessionManager: EngineSessionManager initialized
[2020.05.02-10.39.35:850][  0]LogEditorSessionSummary: Verbose: Initializing EditorSessionSummaryWriter for editor session tracking
[2020.05.02-10.39.35:862][  0]LogEditorSessionSummary: EditorSessionSummaryWriter initialized
[2020.05.02-10.39.36:043][  0]LogInit: Transaction tracking system initialized
[2020.05.02-10.39.36:644][  0]BlueprintLog: New page: Editor Load
[2020.05.02-10.39.37:983][  0]LocalizationService: Localization service is disabled
[2020.05.02-10.39.40:233][  0]LogFileCache: Scanning file cache for directory 'C:/Users/Boss/Documents/Unreal Projects/plattformer_crow/Content/' took 0.00s
[2020.05.02-10.39.40:233][  0]LogCook: Display: Max memory allowance for cook 16384mb min free memory 0mb
[2020.05.02-10.39.40:233][  0]LogCook: Display: Mobile HDR setting 1
[2020.05.02-10.39.42:941][  0]SourceControl: Source control is disabled
[2020.05.02-10.39.42:965][  0]Cmd: MAP LOAD FILE="C:/Users/Boss/Documents/Unreal Projects/plattformer_crow/Content/AdvancedPlatformer/Map/Demonstration.umap" TEMPLATE=0 SHOWPROGRESS=1 FEATURELEVEL=3
[2020.05.02-10.39.42:966][  0]LightingResults: New page: Lighting Build
[2020.05.02-10.39.43:032][  0]LogWorld: UWorld::CleanupWorld for Untitled, bSessionEnded=true, bCleanupResources=true
[2020.05.02-10.39.43:047][  0]MapCheck: New page: Map Check
[2020.05.02-10.39.43:047][  0]LightingResults: New page: Lighting Build
[2020.05.02-10.39.43:110][  0]LogUObjectHash: Compacting FUObjectHashTables data took   1.52ms
[2020.05.02-10.39.45:095][  0]LogTexture: Display: Building textures: LQ_Lightmap_0_5 (DXT1, 64X64)
[2020.05.02-10.39.45:095][  0]LogTexture: Display: Building textures: HQ_Lightmap0_5 (AutoDXT, 64X64)
[2020.05.02-10.39.45:095][  0]LogTexture: Display: Building textures: HQ_Lightmap0_3 (AutoDXT, 2048X2048)
[2020.05.02-10.39.45:095][  0]LogTexture: Display: Building textures: LQ_Lightmap_0_3 (DXT1, 2048X2048)
[2020.05.02-10.39.45:095][  0]LogTexture: Display: Building textures: LQ_Lightmap_0_4 (DXT1, 2048X2048)
[2020.05.02-10.39.45:095][  0]LogTexture: Display: Building textures: LQ_Lightmap_1_1 (DXT1, 2048X2048)
[2020.05.02-10.39.45:095][  0]LogTexture: Display: Building textures: HQ_Lightmap1_1 (AutoDXT, 2048X2048)
[2020.05.02-10.39.45:095][  0]LogTexture: Display: Building textures: HQ_Lightmap1_2 (AutoDXT, 2048X2048)
[2020.05.02-10.39.45:095][  0]LogTexture: Display: Building textures: LQ_Lightmap_1_2 (DXT1, 2048X2048)
[2020.05.02-10.39.45:095][  0]LogTexture: Display: Building textures: HQ_Lightmap0_4 (AutoDXT, 2048X2048)
[2020.05.02-10.39.45:095][  0]LogTexture: Display: Building textures: SkyOcclusion0_4 (AutoDXT, 2048X1024)
[2020.05.02-10.39.45:095][  0]LogTexture: Display: Building textures: SkyOcclusion0_3 (AutoDXT, 2048X1024)
[2020.05.02-10.39.45:095][  0]LogTexture: Display: Building textures: SkyOcclusion0_5 (AutoDXT, 64X32)
[2020.05.02-10.39.45:095][  0]LogTexture: Display: Building textures: SkyOcclusion1_1 (AutoDXT, 2048X1024)
[2020.05.02-10.39.45:096][  0]LogTexture: Display: Building textures: SkyOcclusion1_2 (AutoDXT, 2048X1024)
[2020.05.02-10.39.45:096][  0]LogAudioDerivedData: Display: Building compressed audio format OGG hash OGG wave Fire_wav...
[2020.05.02-10.39.45:839][  0]LogAudioDerivedData: Display: Updated SoundWave->RawPCMDataSize from 0 to 5783036 while cooking SoundWave /Game/AdvancedPlatformer/Audio/Wav/Fire_wav.Fire_wav.
[2020.05.02-10.39.46:568][  0]LogStaticMesh: Building static mesh SM_AssetPlatform...
[2020.05.02-10.39.46:655][  0]LogStaticMesh: Built static mesh [0.10s] /Game/AdvancedPlatformer/ExampleContent/StarterContent/Architecture/SM_AssetPlatform.SM_AssetPlatform
[2020.05.02-10.39.46:742][  0]LogAudioDerivedData: Display: Building compressed audio format OGG hash OGG wave PlatformerThem_Wav...
[2020.05.02-10.39.50:166][  0]LogAudioDerivedData: Display: Updated SoundWave->RawPCMDataSize from 0 to 39083624 while cooking SoundWave /Game/AdvancedPlatformer/Audio/Wav/PlatformerThem_Wav.PlatformerThem_Wav.
[2020.05.02-10.39.50:321][  0]LogMaterial: Display: Missing cached shader map for material M_Metal_Gold, compiling. 
[2020.05.02-10.39.50:484][  0]LogShaderCompilers: Display: Worker (1/9): shaders left to compile 31
[2020.05.02-10.39.50:484][  0]LogShaderCompilers: Display: Worker (2/9): shaders left to compile 27
[2020.05.02-10.39.50:484][  0]LogShaderCompilers: Display: Worker (3/9): shaders left to compile 23
[2020.05.02-10.39.50:484][  0]LogShaderCompilers: Display: Worker (4/9): shaders left to compile 19
[2020.05.02-10.39.50:484][  0]LogShaderCompilers: Display: Worker (5/9): shaders left to compile 15
[2020.05.02-10.39.50:484][  0]LogShaderCompilers: Display: Worker (6/9): shaders left to compile 11
[2020.05.02-10.39.50:484][  0]LogShaderCompilers: Display: Worker (7/9): shaders left to compile 7
[2020.05.02-10.39.50:484][  0]LogShaderCompilers: Display: Worker (8/9): shaders left to compile 3
[2020.05.02-10.39.50:484][  0]LogSkeletalMesh: Building Skeletal Mesh SK_Mannequin...
[2020.05.02-10.39.50:531][  0]LogSkeletalMesh: Built Skeletal Mesh [0.05s] /Game/AdvancedPlatformer/ExampleContent/Mannequin/Character/Mesh/SK_Mannequin.SK_Mannequin
[2020.05.02-10.39.50:532][  0]LogAudioDerivedData: Display: Building compressed audio format OGG hash OGG wave SaveSound...
[2020.05.02-10.39.50:555][  0]LogAudioDerivedData: Display: Updated SoundWave->RawPCMDataSize from 0 to 326508 while cooking SoundWave /Game/AdvancedPlatformer/Audio/Wav/SaveSound.SaveSound.
[2020.05.02-10.39.50:556][  0]LogAudioDerivedData: Display: Building compressed audio format OGG hash OGG wave PowerUp_Wav...
[2020.05.02-10.39.50:617][  0]LogAudioDerivedData: Display: Updated SoundWave->RawPCMDataSize from 0 to 652172 while cooking SoundWave /Game/AdvancedPlatformer/Audio/Wav/PowerUp_Wav.PowerUp_Wav.
[2020.05.02-10.39.50:617][  0]LogAudioDerivedData: Display: Building compressed audio format OGG hash OGG wave Health_Wav...
[2020.05.02-10.39.50:700][  0]LogAudioDerivedData: Display: Updated SoundWave->RawPCMDataSize from 0 to 1303496 while cooking SoundWave /Game/AdvancedPlatformer/Audio/Wav/Health_Wav.Health_Wav.
[2020.05.02-10.39.50:701][  0]LogAudioDerivedData: Display: Building compressed audio format OGG hash OGG wave Applause_Wav...
[2020.05.02-10.39.50:870][  0]LogAudioDerivedData: Display: Updated SoundWave->RawPCMDataSize from 0 to 1766544 while cooking SoundWave /Game/AdvancedPlatformer/Audio/Wav/Applause_Wav.Applause_Wav.
[2020.05.02-10.39.50:870][  0]LogAudioDerivedData: Display: Building compressed audio format OGG hash OGG wave Coin_Wav...
[2020.05.02-10.39.50:891][  0]LogAudioDerivedData: Display: Updated SoundWave->RawPCMDataSize from 0 to 326508 while cooking SoundWave /Game/AdvancedPlatformer/Audio/Wav/Coin_Wav.Coin_Wav.
[2020.05.02-10.39.51:015][  0]LogMaterial: Display: Missing cached shader map for material M_UE4Enemy_Body, compiling. 
[2020.05.02-10.39.51:195][  0]LogShaderCompilers: Display: Worker (9/9): shaders left to compile 125
[2020.05.02-10.39.51:223][  0]LogAIModule: Creating AISystem for world Demonstration
[2020.05.02-10.39.52:382][  0]LogEditorServer: Finished looking for orphan Actors (0.000 secs)
[2020.05.02-10.39.52:663][  0]LogUObjectHash: Compacting FUObjectHashTables data took   3.15ms
[2020.05.02-10.39.52:663][  0]Cmd: MAP CHECKDEP NOCLEARLOG
[2020.05.02-10.39.52:663][  0]MapCheck: Map check complete: 0 Error(s), 0 Warning(s), took 0.173ms to complete.
[2020.05.02-10.39.52:663][  0]LogFileHelpers: Loading map 'Demonstration' took 9.698
[2020.05.02-10.39.56:220][  0]LogShaderCompilers: Display: Worker (2/9): shaders left to compile 115
[2020.05.02-10.39.56:220][  0]LogShaderCompilers: Display: Worker (8/9): shaders left to compile 105
[2020.05.02-10.39.56:220][  0]LogSlate: Updating window title bar state: overlay mode, drag disabled, window buttons hidden, title bar hidden
[2020.05.02-10.39.56:239][  0]LogSlate: Updating window title bar state: overlay mode, drag disabled, window buttons hidden, title bar hidden
[2020.05.02-10.39.56:258][  0]LogSlate: Updating window title bar state: overlay mode, drag disabled, window buttons hidden, title bar hidden
[2020.05.02-10.39.56:277][  0]LogSlate: Updating window title bar state: overlay mode, drag disabled, window buttons hidden, title bar hidden
[2020.05.02-10.39.56:925][  0]LogShaderCompilers: Display: Worker (1/9): shaders left to compile 95
[2020.05.02-10.39.56:925][  0]LogCollectionManager: Loaded 0 collections in 0.001485 seconds
[2020.05.02-10.39.57:077][  0]LogFileCache: Scanning file cache for directory 'C:/Users/Boss/Documents/Unreal Projects/plattformer_crow/Saved/Collections/' took 0.00s
[2020.05.02-10.39.57:077][  0]LogFileCache: Scanning file cache for directory 'C:/Users/Boss/Documents/Unreal Projects/plattformer_crow/Content/Developers/Boss/Collections/' took 0.00s
[2020.05.02-10.39.57:077][  0]LogFileCache: Scanning file cache for directory 'C:/Users/Boss/Documents/Unreal Projects/plattformer_crow/Content/Collections/' took 0.00s
[2020.05.02-10.39.57:077][  0]LogCollectionManager: Rebuilt the GUID cache for 0 collections in 0.000004 seconds
[2020.05.02-10.39.57:093][  0]LogContentBrowser: Native class hierarchy populated in 0.0150 seconds. Added 2887 classes and 692 folders.
[2020.05.02-10.39.57:342][  0]LogContentBrowser: Native class hierarchy updated for 'WidgetCarousel' in 0.0004 seconds. Added 0 classes and 0 folders.
[2020.05.02-10.39.58:556][  0]LogShaderCompilers: Display: Worker (6/9): shaders left to compile 85
[2020.05.02-10.39.58:556][  0]LogShaderCompilers: Display: Worker (3/9): shaders left to compile 75
[2020.05.02-10.39.58:556][  0]LogShaderCompilers: Display: Worker (4/9): shaders left to compile 66
[2020.05.02-10.39.58:556][  0]LogShaderCompilers: Display: Worker (7/9): shaders left to compile 58
[2020.05.02-10.39.58:556][  0]LogShaderCompilers: Display: Worker (5/9): shaders left to compile 51
[2020.05.02-10.39.58:556][  0]LogShaderCompilers: Display: Worker (9/9): shaders left to compile 45
[2020.05.02-10.39.58:556][  0]LogContentBrowser: Native class hierarchy updated for 'AddContentDialog' in 0.0004 seconds. Added 0 classes and 0 folders.
[2020.05.02-10.39.58:688][  0]LogSlate: Took 0.011491 seconds to synchronously load lazily loaded font '../../../Engine/Content/Slate/Fonts/Roboto-Regular.ttf' (155K)
[2020.05.02-10.39.58:706][  0]LogSlate: Took 0.010999 seconds to synchronously load lazily loaded font '../../../Engine/Content/Slate/Fonts/Roboto-Bold.ttf' (160K)
[2020.05.02-10.39.58:741][  0]LogSlate: Took 0.017117 seconds to synchronously load lazily loaded font '../../../Engine/Content/Editor/Slate/Fonts/FontAwesome.ttf' (139K)
[2020.05.02-10.39.58:999][  0]LogRenderer: Reallocating scene render targets to support 1052x932 Format 10 NumSamples 1 (Frame:1).
[2020.05.02-10.39.59:696][  0]LogShaderCompilers: Display: Worker (8/9): shaders left to compile 39
[2020.05.02-10.39.59:760][  0]LogContentBrowser: Native class hierarchy updated for 'HierarchicalLODOutliner' in 0.0004 seconds. Added 0 classes and 0 folders.
[2020.05.02-10.39.59:760][  0]LogLoad: (Engine Initialization) Total time: 122.44 seconds
[2020.05.02-10.39.59:760][  0]LogLoad: (Engine Initialization) Total Blueprint compile time: 0.00 seconds
[2020.05.02-10.39.59:922][  0]LogShaderCompilers: Display: Worker (2/9): shaders left to compile 34
[2020.05.02-10.39.59:922][  0]LogContentStreaming: Texture pool size now 3000 MB
[2020.05.02-10.40.00:016][  0]LogSlate: Took 0.017042 seconds to synchronously load lazily loaded font '../../../Engine/Content/Slate/Fonts/Roboto-Light.ttf' (167K)
[2020.05.02-10.40.00:270][  2]LogShaderCompilers: Display: Worker (3/9): shaders left to compile 30
[2020.05.02-10.40.00:270][  2]LogShaderCompilers: Display: Worker (4/9): shaders left to compile 26
[2020.05.02-10.40.00:349][  2]LogAssetRegistry: Asset discovery search completed in 84.0158 seconds
[2020.05.02-10.40.00:357][  2]LogCollectionManager: Rebuilt the object cache for 0 collections in 0.000008 seconds (found 0 objects)
[2020.05.02-10.40.00:357][  2]LogCollectionManager: Fixed up redirectors for 0 collections in 0.000098 seconds (updated 0 objects)
[2020.05.02-10.40.00:732][ 19]LogShaderCompilers: Display: Worker (8/9): shaders left to compile 22
[2020.05.02-10.40.00:801][ 22]LogShaderCompilers: Display: Worker (5/9): shaders left to compile 19
[2020.05.02-10.40.01:106][ 38]LogShaderCompilers: Display: Worker (2/9): shaders left to compile 16
[2020.05.02-10.40.01:155][ 41]LogShaderCompilers: Display: Worker (7/9): shaders left to compile 13
[2020.05.02-10.40.01:592][ 66]LogShaderCompilers: Display: Worker (8/9): shaders left to compile 11
[2020.05.02-10.40.01:736][ 74]LogShaderCompilers: Display: Worker (6/9): shaders left to compile 9
[2020.05.02-10.40.01:789][ 77]LogShaderCompilers: Display: Worker (5/9): shaders left to compile 7
[2020.05.02-10.40.01:958][ 87]LogShaderCompilers: Display: Worker (3/9): shaders left to compile 6
[2020.05.02-10.40.02:341][109]LogShaderCompilers: Display: Worker (4/9): shaders left to compile 5
[2020.05.02-10.40.02:429][114]LogShaderCompilers: Display: Worker (5/9): shaders left to compile 4
[2020.05.02-10.40.02:632][125]LogShaderCompilers: Display: Worker (7/9): shaders left to compile 3
[2020.05.02-10.40.02:700][129]LogShaderCompilers: Display: Worker (3/9): shaders left to compile 2
[2020.05.02-10.40.02:785][134]LogShaderCompilers: Display: Worker (4/9): shaders left to compile 1
